2024-10-02T20:16:11.728Z --- INF Testcontainers Cloud Agent arch=amd64 os="Debian GNU/Linux 11 (bullseye)/debian:11.7 (11)" version=1.17.0.5495+754d289
2024-10-02T20:16:11.728Z --- INF Initializing config cloud=/home/vscode/.config/testcontainers/cloud.properties dir=/home/vscode/.config/testcontainers tc=/home/vscode/.testcontainers.properties
2024-10-02T20:16:11.729Z --- INF Creating new state file location=/home/vscode/.cache/AtomicJar/testcontainers.cloud.desktop/state.json
2024-10-02T20:16:11.730Z --- INF Assigning new installation ID iid=iid_424ba1c4-ad9a-482e-adfd-cca14c1f2494
2024-10-02T20:16:12.473Z --- INF Starting a listener... address=tcp://localhost:0
2024-10-02T20:16:12.475Z --- INF Stored agent endpoint addr=tcp://127.0.0.1:43583
2024-10-02T20:16:12.481Z --- INF Starting mutagen daemon...
2024-10-02T20:16:12.483Z --- INF Mutagen daemon listening endpoint=/home/vscode/.config/testcontainers/run/mtgn.sock
2024-10-02T20:16:12.483Z --- INF Serving requests with Testcontainers Cloud runtime index=0
2024-10-02T20:16:12.486Z --- INF Passivating index=0
2024-10-02T20:16:12.502Z --- INF Created docker context name=tcc
2024-10-02T20:16:12.502Z --- INF Listening address=tcp://127.0.0.1:43583
2024-10-02T20:18:58.857Z --- INF Eligible endpoints count=30 index=0
2024-10-02T20:18:58.888Z --- INF Obtaining a worker diagnosis=false endpoint=https://eks-uc.workloads.testcontainers.cloud/lease?zone=gcp-us-east5-a-drv index=0
2024-10-02T20:18:58.888Z --- INF Picked server id=zone-gcp-us-east5-a-drv-cluster-uc index=0 responded=14 server=34.162.195.177
2024-10-02T20:18:58.889Z --- INF Start of session client_session_id=0e4b8e5f-0bb4-439a-a90b-293104b2166a
2024-10-02T20:18:59.916Z --- INF Obtained a worker datacenter_id=zone-gcp-us-east5-a-drv-cluster-uc endpoint=https://eks-uc.workloads.testcontainers.cloud/lease?zone=gcp-us-east5-a-drv index=0 worker_id=l-0db61ce6-5f3b-47da-9a97-c0ad25be1b41
2024-10-02T20:18:59.916Z --- INF To review this test session in Testcontainers Cloud visit the dashboard link=https://app.testcontainers.cloud/dashboard/0e4b8e5f-0bb4-439a-a90b-293104b2166a
2024-10-02T20:18:59.917Z --- INF Stored lease datacenter_id=zone-gcp-us-east5-a-drv-cluster-uc id=l-0db61ce6-5f3b-47da-9a97-c0ad25be1b41 index=0 last_activity=2024-10-02T20:18:59Z
2024-10-02T20:19:00.023Z --- INF Stored lease datacenter_id=zone-gcp-us-east5-a-drv-cluster-uc id=l-0db61ce6-5f3b-47da-9a97-c0ad25be1b41 index=0 last_activity=2024-10-02T20:18:59Z
2024-10-02T20:19:01.024Z --- INF Activities since the last extension activities="[(910ms ago):H/x:[GET /v1.32/info tc-java/1.19.8], (820ms ago):H/x:[GET /v1.32/version tc-java/1.19.8], (790ms ago):H/x:[GET /v1.32/images/json tc-java/1.19.8], (770ms ago):H/x:[GET /v1.32/images/testcontainers/ryuk:0.7.0/json tc-java/1.19.8], (740ms ago):H/>:[POST /v1.32/images/create?fromImage=testcontainers%2Fryuk&tag=0.7.0 tc-java/1.19.8]]" index=0 worker_id=l-0db61ce6-5f3b-47da-9a97-c0ad25be1b41
2024-10-02T20:19:01.875Z --- INF Mapping container port... original_port=32768 owner=9352525bd298
2024-10-02T20:19:11.997Z --- INF Activities since the last extension activities="[(10.63s ago):H/x:[POST /v1.32/images/create?fromImage=testcontainers%2Fryuk&tag=0.7.0 tc-java/1.19.8], (10.59s ago):H/x:[GET /v1.32/images/testcontainers/ryuk:0.7.0/json tc-java/1.19.8], (10.46s ago):H/x:[POST /v1.32/containers/create?name=testcontainers-ryuk-8db25445-4f1e-42e1-8686-a95df8b0ebcc tc-java/1.19.8], (10.14s ago):H/x:[POST /v1.32/containers/9352525bd298ab8c399799fecb66ef42883465676e4b7e10381ca079a1ff282f/start tc-java/1.19.8], (10.12s ago):H/x:[GET /v1.32/containers/9352525bd298ab8c399799fecb66ef42883465676e4b7e10381ca079a1ff282f/json tc-java/1.19.8], (10.05s ago):H/x:[GET /v1.32/images/sha256:bcbee39cd601396958ba1bd06ea14ad64ce0ea709de29a427d741d1f5262080a/json tc-java/1.19.8], (10.03s ago):H/x:[GET /v1.32/version tc-java/1.19.8], (10.01s ago):H/x:[GET /v1.32/containers/9352525bd298ab8c399799fecb66ef42883465676e4b7e10381ca079a1ff282f/logs?stdout=true&stderr=true&follow=true&since=0 tc-java/1.19.8], (9.97s ago):H/x:[GET /v1.32/images/confluentinc/cp-kafka:7.5.0/json tc-java/1.19.8], (9.97s ago):H/>:[POST /v1.32/images/create?fromImage=confluentinc%2Fcp-kafka&tag=7.5.0 tc-java/1.19.8], (10.02s ago):P/>:[32768]]" index=0 worker_id=l-0db61ce6-5f3b-47da-9a97-c0ad25be1b41
2024-10-02T20:19:11.997Z --- INF Extension of the worker lease finished index=0 since=11s triggered_at=2024-10-02T20:19:01Z worker_id=l-0db61ce6-5f3b-47da-9a97-c0ad25be1b41
2024-10-02T20:19:18.534Z --- INF Mapping container port... original_port=32770 owner=66f421e7b86d
2024-10-02T20:19:18.535Z --- INF Mapping container port... original_port=32769 owner=66f421e7b86d
2024-10-02T20:19:52.333Z --- WRN Changes will not propagate for non-directory bind mounts path=/tmp/.testcontainers-tmp-17011787697274563521
2024-10-02T20:19:52.334Z --- INF Creating file synchronization session... local_path=/tmp/.testcontainers-tmp-17011787697274563521 remote_id=l-0db61ce6-5f3b-47da-9a97-c0ad25be1b41 remote_path=/var/lib/docker/mutagen/06b12e3a-995d-4df4-ae4a-a9eb27857724
2024-10-02T20:19:52.452Z --- INF Created file synchronization session id=sync_LMCxthTC7AJ7gMZ9XvxzsGizHFKLNfvDAVP16Z3QHW7 local_path=/tmp/.testcontainers-tmp-17011787697274563521 remote_id=l-0db61ce6-5f3b-47da-9a97-c0ad25be1b41 remote_path=/var/lib/docker/mutagen/06b12e3a-995d-4df4-ae4a-a9eb27857724
2024-10-02T20:19:54.164Z --- INF Mapping container port... original_port=32771 owner=ac27c3c473c0
2024-10-02T20:20:07.549Z --- INF Mapping container port... original_port=32772 owner=233311de8dc2
2024-10-02T20:20:08.164Z --- INF Mapping container port... original_port=32773 owner=d54e3f3920c4
2024-10-02T20:20:08.164Z --- INF Mapping container port... original_port=32774 owner=d54e3f3920c4
2024-10-02T20:20:23.972Z --- INF Mapping container port... original_port=32775 owner=1337fa63ad7c
2024-10-02T20:22:09.998Z --- INF Activities since the last extension activities="[(1m44.29s ago):P/x:[32775], (1m43.36s ago):P/x:[32775], (1m43.33s ago):P/x:[32775], (1m33.29s ago):P/x:[32771], (1m20.94s ago):P/x:[32773], (1m8.02s ago):P/x:[32773], (1m5.02s ago):P/x:[32771], (1m3.11s ago):P/x:[32773], (9.63s ago):P/x:[32773], (9.56s ago):P/x:[32773], (1m43.28s ago):P/>:[32775], (1m42.93s ago):P/>:[32775], (1m42.38s ago):P/>:[32775], (3m8.02s ago):P/>:[32768], (2m2.27s ago):P/>:[32772], (1m42.5s ago):P/>:[32775], (1m38.62s ago):P/>:[32770], (1m43.06s ago):P/>:[32775], (1m42.66s ago):P/>:[32775], (1m41.95s ago):P/>:[32775], (1m38.36s ago):P/>:[32770], (1m9.92s ago):P/>:[32770], (1m9.98s ago):P/>:[32770], (1m42.81s ago):P/>:[32775], (1m42.25s ago):P/>:[32775], (1m42.12s ago):P/>:[32775], (1m38.19s ago):P/>:[32770]]" index=0 worker_id=l-0db61ce6-5f3b-47da-9a97-c0ad25be1b41
2024-10-02T20:22:09.998Z --- INF Extension of the worker lease finished index=0 since=2m58s triggered_at=2024-10-02T20:19:11Z worker_id=l-0db61ce6-5f3b-47da-9a97-c0ad25be1b41
2024-10-02T20:23:36.061Z --- INF Mapping container port... original_port=32776 owner=d668d100755a
2024-10-02T20:23:36.597Z --- INF Mapping container port... original_port=32777 owner=dd0c27122514
2024-10-02T20:23:36.597Z --- INF Mapping container port... original_port=32778 owner=dd0c27122514
2024-10-02T20:23:42.003Z --- WRN Changes will not propagate for non-directory bind mounts path=/tmp/.testcontainers-tmp-4468380638962940015
2024-10-02T20:23:42.003Z --- INF Creating file synchronization session... local_path=/tmp/.testcontainers-tmp-4468380638962940015 remote_id=l-0db61ce6-5f3b-47da-9a97-c0ad25be1b41 remote_path=/var/lib/docker/mutagen/abd92ea2-7b09-4d6d-8fce-4218dadedb61
2024-10-02T20:23:42.106Z --- INF Created file synchronization session id=sync_PhD6Cuyzj1YNlyThPbW984VPjmFxmF3RdJnY77oLPhD local_path=/tmp/.testcontainers-tmp-4468380638962940015 remote_id=l-0db61ce6-5f3b-47da-9a97-c0ad25be1b41 remote_path=/var/lib/docker/mutagen/abd92ea2-7b09-4d6d-8fce-4218dadedb61
2024-10-02T20:23:42.924Z --- INF Mapping container port... original_port=32779 owner=c9a0b1131946
2024-10-02T20:23:45.536Z --- INF Mapping container port... original_port=32780 owner=0f3769fc7768
2024-10-02T20:23:46.136Z --- INF Mapping container port... original_port=32781 owner=3125a113c7f8
2024-10-02T20:23:46.137Z --- INF Mapping container port... original_port=32782 owner=3125a113c7f8
2024-10-02T20:23:55.192Z --- INF Mapping container port... original_port=32783 owner=316321532a01
2024-10-02T20:25:09.996Z --- INF Extension of the worker lease finished index=0 since=3m0s triggered_at=2024-10-02T20:22:09Z worker_id=l-0db61ce6-5f3b-47da-9a97-c0ad25be1b41
2024-10-02T20:25:09.996Z --- INF Activities since the last extension activities="[(56.81s ago):P/x:[32778], (56.8s ago):P/x:[32778], (56.8s ago):P/x:[32778], (56.59s ago):P/x:[32781], (56.42s ago):P/x:[32780], (55.79s ago):P/x:[32776], (54.76s ago):H/x:[GET /v1.32/containers/316321532a016d6fd153f10577fe73528285f5986ef3c461f32a283a5405817a/json tc-java/1.19.8], (54.75s ago):H/x:[GET /v1.32/containers/3125a113c7f8f6d417e20ededa3016f3f662769a0c504bc6ee9917a528fb92f6/json tc-java/1.19.8], (54.74s ago):H/x:[GET /v1.32/containers/c9a0b1131946887cfeb79f42b46d4d3ccd9b612b1476a8d74e2adf00dabeb624/json tc-java/1.19.8], (54.73s ago):H/x:[GET /v1.32/containers/dd0c27122514cfd835ca23e0b6a94ffa167ba049ecb21806bc7982f4b25b5f88/json tc-java/1.19.8]]" index=0 worker_id=l-0db61ce6-5f3b-47da-9a97-c0ad25be1b41
